<?xml version="1.0" encoding="UTF-8"?>
<testng-results skipped="0" failed="0" ignored="0" total="1" passed="1">
  <reporter-output>
  </reporter-output>
  <suite name="Default suite" duration-ms="80459" started-at="2020-06-15T20:16:45Z" finished-at="2020-06-15T20:18:06Z">
    <groups>
    </groups>
    <test name="Default test" duration-ms="80459" started-at="2020-06-15T20:16:45Z" finished-at="2020-06-15T20:18:06Z">
      <class name="com.ch.tests.FailedCMRTest">
        <test-method status="PASS" signature="setupTestMethod()[pri:0, instance:com.ch.tests.FailedCMRTest@5909285b]" name="setupTestMethod" is-config="true" duration-ms="15099" started-at="2020-06-15T20:16:46Z" finished-at="2020-06-15T20:17:01Z">
          <reporter-output>
          </reporter-output>
        </test-method> <!-- setupTestMethod -->
        <test-method status="PASS" signature="FailedCMR1()[pri:0, instance:com.ch.tests.FailedCMRTest@5909285b]" name="FailedCMR1" duration-ms="61561" started-at="2020-06-15T20:17:03Z" finished-at="2020-06-15T20:18:05Z">
          <reporter-output>
          </reporter-output>
        </test-method> <!-- FailedCMR1 -->
        <test-method status="PASS" signature="cleanUpAfterTestMethod(org.testng.ITestResult)[pri:0, instance:com.ch.tests.FailedCMRTest@5909285b]" name="cleanUpAfterTestMethod" is-config="true" duration-ms="700" started-at="2020-06-15T20:18:05Z" finished-at="2020-06-15T20:18:06Z">
          <params>
            <param index="0">
              <value>
                <![CDATA[[TestResult name=FailedCMR1 status=SUCCESS method=FailedCMRTest.FailedCMR1()[pri:0, instance:com.ch.tests.FailedCMRTest@5909285b] output={null}]]]>
              </value>
            </param>
          </params>
          <reporter-output>
          </reporter-output>
        </test-method> <!-- cleanUpAfterTestMethod -->
      </class> <!-- com.ch.tests.FailedCMRTest -->
    </test> <!-- Default test -->
  </suite> <!-- Default suite -->
</testng-results>
